<?xml version="1.0" encoding="UTF-8"?>
<!-- Generated by org.testng.reporters.JUnitXMLReporter -->
<testsuite hostname="skacperski" name="Test" tests="1" failures="0" timestamp="22 Jul 2014 08:13:19 GMT" time="0.027" errors="0">
  <testcase name="@BeforeClass getDriver" time="0.0" classname="tests.CERP001_EditProfile">
    <failure type="java.lang.NullPointerException">
      <![CDATA[java.lang.NullPointerException
	at tests.CERP001_EditProfile.getDriver(CERP001_EditProfile.java:54)
	at java.util.concurrent.FutureTask.run(Unknown Source)
	at java.util.concurrent.ThreadPoolExecutor.runWorker(Unknown Source)
	at java.util.concurrent.ThreadPoolExecutor$Worker.run(Unknown Source)
	at java.lang.Thread.run(Unknown Source)
... Removed 16 stack frames]]>
    </failure>
  </testcase> <!-- @BeforeClass getDriver -->
  <testcase name="@AfterMethod tearDown" time="0.0" classname="tests.CERP001_EditProfile">
    <skipped/>
  </testcase> <!-- @AfterMethod tearDown -->
  <testcase name="@AfterClass tearDown" time="0.0" classname="tests.CERP001_EditProfile">
    <skipped/>
  </testcase> <!-- @AfterClass tearDown -->
  <testcase name="TestMethod" time="0.0" classname="tests.CERP001_EditProfile">
    <skipped/>
  </testcase> <!-- TestMethod -->
</testsuite> <!-- Test -->
