<?xml version="1.0" encoding="UTF-8"?>
<!-- Generated by org.testng.reporters.JUnitXMLReporter -->
<testsuite hostname="skacperski" name="Test Internet Explorer" tests="1" failures="1" timestamp="12 Aug 2014 12:44:30 GMT" time="238.397" errors="0">
  <testcase name="TestMethod" time="231.936" classname="tests.CERP005_Answer">
    <failure type="java.lang.Exception">
      <![CDATA[java.lang.Exception
	at tests.CERP005_Answer.TestMethod(CERP005_Answer.java:141)
	at java.util.concurrent.FutureTask.run(Unknown Source)
	at java.util.concurrent.ThreadPoolExecutor.runWorker(Unknown Source)
	at java.util.concurrent.ThreadPoolExecutor$Worker.run(Unknown Source)
	at java.lang.Thread.run(Unknown Source)
... Removed 16 stack frames]]>
    </failure>
  </testcase> <!-- TestMethod -->
</testsuite> <!-- Test Internet Explorer -->
